{"bundleSize":2,"level":"info","message":"Bundle saved to MongoDB","service":"msg-app","timestamp":"2025-03-06T21:18:45.312Z","totalBundlesSent":21,"totalMessagesProcessed":39}
{"bundleSize":2,"level":"info","message":"Bundle saved to MongoDB","service":"msg-app","timestamp":"2025-03-06T21:18:46.872Z","totalBundlesSent":22,"totalMessagesProcessed":41}
{"bundleSize":2,"level":"info","message":"Bundle saved to MongoDB","service":"msg-app","timestamp":"2025-03-06T21:18:48.045Z","totalBundlesSent":23,"totalMessagesProcessed":43}
{"bundleSize":2,"level":"info","message":"Bundle saved to MongoDB","service":"msg-app","timestamp":"2025-03-06T21:18:49.518Z","totalBundlesSent":24,"totalMessagesProcessed":45}
{"bundleSize":1,"level":"info","message":"Bundle saved to MongoDB","service":"msg-app","timestamp":"2025-03-06T21:18:51.038Z","totalBundlesSent":25,"totalMessagesProcessed":46}
{"bundleSize":1,"level":"info","message":"Bundle saved to MongoDB","service":"msg-app","timestamp":"2025-03-06T21:18:52.143Z","totalBundlesSent":26,"totalMessagesProcessed":47}
{"level":"info","message":"Server shutdown initiated","service":"msg-app","signal":"SIGTERM","timestamp":"2025-03-06T22:02:11.304Z"}
{"level":"info","message":"Server shutdown initiated","service":"msg-app","signal":"SIGINT","timestamp":"2025-03-08T09:36:33.505Z"}
{"bundleSize":1,"level":"info","message":"Bundle saved to MongoDB","service":"msg-app","timestamp":"2025-03-08T09:42:37.939Z","totalBundlesSent":1,"totalMessagesProcessed":1}
{"level":"info","message":"Server shutdown initiated","service":"msg-app","signal":"SIGINT","timestamp":"2025-03-08T09:47:08.294Z"}
{"bundleSize":1,"level":"info","message":"Bundle saved to MongoDB","service":"msg-app","timestamp":"2025-03-08T13:00:23.824Z","totalBundlesSent":1,"totalMessagesProcessed":1}
{"bundleSize":1,"level":"info","message":"Bundle saved to MongoDB","service":"msg-app","timestamp":"2025-03-08T13:00:31.113Z","totalBundlesSent":2,"totalMessagesProcessed":2}
{"bundleSize":1,"level":"info","message":"Bundle saved to MongoDB","service":"msg-app","timestamp":"2025-03-08T13:00:32.243Z","totalBundlesSent":3,"totalMessagesProcessed":3}
{"bundleSize":1,"level":"info","message":"Bundle saved to MongoDB","service":"msg-app","timestamp":"2025-03-08T13:00:36.708Z","totalBundlesSent":4,"totalMessagesProcessed":4}
{"bundleSize":2,"level":"info","message":"Bundle saved to MongoDB","service":"msg-app","timestamp":"2025-03-08T13:00:37.944Z","totalBundlesSent":5,"totalMessagesProcessed":6}
{"bundleSize":1,"level":"info","message":"Bundle saved to MongoDB","service":"msg-app","timestamp":"2025-03-08T13:00:39.407Z","totalBundlesSent":6,"totalMessagesProcessed":7}
{"bundleSize":2,"level":"info","message":"Bundle saved to MongoDB","service":"msg-app","timestamp":"2025-03-08T13:00:42.609Z","totalBundlesSent":7,"totalMessagesProcessed":9}
{"bundleSize":5,"level":"info","message":"Bundle saved to MongoDB","service":"msg-app","timestamp":"2025-03-08T13:00:43.774Z","totalBundlesSent":8,"totalMessagesProcessed":14}
{"bundleSize":2,"level":"info","message":"Bundle saved to MongoDB","service":"msg-app","timestamp":"2025-03-08T13:00:47.700Z","totalBundlesSent":9,"totalMessagesProcessed":16}
{"bundleSize":3,"level":"info","message":"Bundle saved to MongoDB","service":"msg-app","timestamp":"2025-03-08T13:00:48.996Z","totalBundlesSent":10,"totalMessagesProcessed":19}
{"bundleSize":3,"level":"info","message":"Bundle saved to MongoDB","service":"msg-app","timestamp":"2025-03-08T13:00:50.217Z","totalBundlesSent":11,"totalMessagesProcessed":22}
{"bundleSize":6,"level":"info","message":"Bundle saved to MongoDB","service":"msg-app","timestamp":"2025-03-08T13:00:51.478Z","totalBundlesSent":12,"totalMessagesProcessed":28}
{"bundleSize":6,"level":"info","message":"Bundle saved to MongoDB","service":"msg-app","timestamp":"2025-03-08T13:00:52.632Z","totalBundlesSent":13,"totalMessagesProcessed":34}
{"bundleSize":1,"level":"info","message":"Bundle saved to MongoDB","service":"msg-app","timestamp":"2025-03-08T13:00:53.761Z","totalBundlesSent":14,"totalMessagesProcessed":35}
{"level":"info","message":"Server shutdown initiated","service":"msg-app","signal":"SIGINT","timestamp":"2025-03-08T13:15:30.270Z"}
{"bundleSize":1,"level":"info","message":"Bundle saved to MongoDB","service":"msg-app","timestamp":"2025-03-08T13:27:21.173Z","totalBundlesSent":1,"totalMessagesProcessed":1}
{"bundleSize":1,"level":"info","message":"Bundle saved to MongoDB","service":"msg-app","timestamp":"2025-03-08T13:29:05.988Z","totalBundlesSent":2,"totalMessagesProcessed":2}
{"bundleSize":1,"level":"info","message":"Bundle saved to MongoDB","service":"msg-app","timestamp":"2025-03-08T13:29:08.566Z","totalBundlesSent":3,"totalMessagesProcessed":3}
{"bundleSize":1,"level":"info","message":"Bundle saved to MongoDB","service":"msg-app","timestamp":"2025-03-08T13:30:41.936Z","totalBundlesSent":4,"totalMessagesProcessed":4}
{"bundleSize":1,"level":"info","message":"Bundle saved to MongoDB","service":"msg-app","timestamp":"2025-03-08T13:37:26.338Z","totalBundlesSent":1,"totalMessagesProcessed":1}
{"bundleSize":1,"level":"info","message":"Bundle saved to MongoDB","service":"msg-app","timestamp":"2025-03-08T13:37:30.600Z","totalBundlesSent":2,"totalMessagesProcessed":2}
{"bundleSize":2,"level":"info","message":"Bundle saved to MongoDB","service":"msg-app","timestamp":"2025-03-08T13:40:53.751Z","totalBundlesSent":1,"totalMessagesProcessed":2}
{"bundleSize":6,"level":"info","message":"Bundle saved to MongoDB","service":"msg-app","timestamp":"2025-03-08T13:40:55.070Z","totalBundlesSent":2,"totalMessagesProcessed":8}
{"bundleSize":2,"level":"info","message":"Bundle saved to MongoDB","service":"msg-app","timestamp":"2025-03-08T13:40:56.711Z","totalBundlesSent":3,"totalMessagesProcessed":10}
{"bundleSize":2,"level":"info","message":"Bundle saved to MongoDB","service":"msg-app","timestamp":"2025-03-08T13:40:58.258Z","totalBundlesSent":4,"totalMessagesProcessed":12}
{"bundleSize":1,"level":"info","message":"Bundle saved to MongoDB","service":"msg-app","timestamp":"2025-03-08T13:41:10.055Z","totalBundlesSent":5,"totalMessagesProcessed":13}
{"bundleSize":1,"level":"info","message":"Bundle saved to MongoDB","service":"msg-app","timestamp":"2025-03-08T13:41:13.667Z","totalBundlesSent":6,"totalMessagesProcessed":14}
{"bundleSize":1,"level":"info","message":"Bundle saved to MongoDB","service":"msg-app","timestamp":"2025-03-08T13:41:46.306Z","totalBundlesSent":1,"totalMessagesProcessed":1}
{"bundleSize":4,"level":"info","message":"Bundle saved to MongoDB","service":"msg-app","timestamp":"2025-03-08T13:41:48.179Z","totalBundlesSent":2,"totalMessagesProcessed":5}
{"bundleSize":2,"level":"info","message":"Bundle saved to MongoDB","service":"msg-app","timestamp":"2025-03-08T13:41:49.297Z","totalBundlesSent":3,"totalMessagesProcessed":7}
{"bundleSize":1,"level":"info","message":"Bundle saved to MongoDB","service":"msg-app","timestamp":"2025-03-08T13:41:54.414Z","totalBundlesSent":4,"totalMessagesProcessed":8}
{"bundleSize":1,"level":"info","message":"Bundle saved to MongoDB","service":"msg-app","timestamp":"2025-03-08T13:41:58.040Z","totalBundlesSent":5,"totalMessagesProcessed":9}
{"bundleSize":1,"level":"info","message":"Bundle saved to MongoDB","service":"msg-app","timestamp":"2025-03-08T13:42:00.748Z","totalBundlesSent":6,"totalMessagesProcessed":10}
{"bundleSize":1,"level":"info","message":"Bundle saved to MongoDB","service":"msg-app","timestamp":"2025-03-08T13:43:43.532Z","totalBundlesSent":7,"totalMessagesProcessed":11}
{"bundleSize":1,"error":"Topology is closed","level":"error","message":"Failed to save bundle to MongoDB","service":"msg-app","stack":"MongoTopologyClosedError: Topology is closed\n    at Topology.close (/home/okmic/www/main/messenger/node_modules/mongodb/src/sdam/topology.ts:507:36)\n    at Topology._connect (/home/okmic/www/main/messenger/node_modules/mongodb/src/sdam/topology.ts:488:12)\n    at async Topology.connect (/home/okmic/www/main/messenger/node_modules/mongodb/src/sdam/topology.ts:405:7)\n    at async topologyConnect (/home/okmic/www/main/messenger/node_modules/mongodb/src/mongo_client.ts:620:9)\n    at async MongoClient._connect (/home/okmic/www/main/messenger/node_modules/mongodb/src/mongo_client.ts:632:7)\n    at async MongoClient.connect (/home/okmic/www/main/messenger/node_modules/mongodb/src/mongo_client.ts:544:7)\n    at async autoConnect (/home/okmic/www/main/messenger/node_modules/mongodb/src/operations/execute_operation.ts:139:7)\n    at async abortable (/home/okmic/www/main/messenger/node_modules/mongodb/src/utils.ts:1492:12)\n    at async executeOperation (/home/okmic/www/main/messenger/node_modules/mongodb/src/operations/execute_operation.ts:69:9)\n    at async ChangeStreamCursor._initialize (/home/okmic/www/main/messenger/node_modules/mongodb/src/cursor/change_stream_cursor.ts:136:22)","timestamp":"2025-03-08T14:12:08.409Z"}
{"bundleSize":1,"error":"Topology is closed","level":"error","message":"Failed to save bundle to MongoDB","service":"msg-app","stack":"MongoTopologyClosedError: Topology is closed\n    at Topology.close (/home/okmic/www/main/messenger/node_modules/mongodb/src/sdam/topology.ts:507:36)\n    at Topology._connect (/home/okmic/www/main/messenger/node_modules/mongodb/src/sdam/topology.ts:488:12)\n    at async Topology.connect (/home/okmic/www/main/messenger/node_modules/mongodb/src/sdam/topology.ts:405:7)\n    at async topologyConnect (/home/okmic/www/main/messenger/node_modules/mongodb/src/mongo_client.ts:620:9)\n    at async MongoClient._connect (/home/okmic/www/main/messenger/node_modules/mongodb/src/mongo_client.ts:632:7)\n    at async MongoClient.connect (/home/okmic/www/main/messenger/node_modules/mongodb/src/mongo_client.ts:544:7)\n    at async autoConnect (/home/okmic/www/main/messenger/node_modules/mongodb/src/operations/execute_operation.ts:139:7)\n    at async abortable (/home/okmic/www/main/messenger/node_modules/mongodb/src/utils.ts:1492:12)\n    at async executeOperation (/home/okmic/www/main/messenger/node_modules/mongodb/src/operations/execute_operation.ts:69:9)\n    at async ChangeStreamCursor._initialize (/home/okmic/www/main/messenger/node_modules/mongodb/src/cursor/change_stream_cursor.ts:136:22)","timestamp":"2025-03-08T14:15:43.148Z"}
{"bundleSize":1,"error":"Topology is closed","level":"error","message":"Failed to save bundle to MongoDB","service":"msg-app","stack":"MongoTopologyClosedError: Topology is closed\n    at Topology.close (/home/okmic/www/main/messenger/node_modules/mongodb/src/sdam/topology.ts:507:36)\n    at Topology._connect (/home/okmic/www/main/messenger/node_modules/mongodb/src/sdam/topology.ts:488:12)\n    at async Topology.connect (/home/okmic/www/main/messenger/node_modules/mongodb/src/sdam/topology.ts:405:7)\n    at async topologyConnect (/home/okmic/www/main/messenger/node_modules/mongodb/src/mongo_client.ts:620:9)\n    at async MongoClient._connect (/home/okmic/www/main/messenger/node_modules/mongodb/src/mongo_client.ts:632:7)\n    at async MongoClient.connect (/home/okmic/www/main/messenger/node_modules/mongodb/src/mongo_client.ts:544:7)\n    at async autoConnect (/home/okmic/www/main/messenger/node_modules/mongodb/src/operations/execute_operation.ts:139:7)\n    at async abortable (/home/okmic/www/main/messenger/node_modules/mongodb/src/utils.ts:1492:12)\n    at async executeOperation (/home/okmic/www/main/messenger/node_modules/mongodb/src/operations/execute_operation.ts:69:9)\n    at async FindCursor._initialize (/home/okmic/www/main/messenger/node_modules/mongodb/src/cursor/find_cursor.ts:92:22)","timestamp":"2025-03-08T16:56:07.556Z"}
{"error":"Server selection timed out after 30000 ms","level":"error","message":"Failed to fetch messages from MongoDB","service":"msg-app","stack":"MongoServerSelectionError: Server selection timed out after 30000 ms\n    at Topology.selectServer (/home/okmic/www/main/messenger/node_modules/mongodb/src/sdam/topology.ts:628:30)\n    at async Topology._connect (/home/okmic/www/main/messenger/node_modules/mongodb/src/sdam/topology.ts:468:22)\n    at async Topology.connect (/home/okmic/www/main/messenger/node_modules/mongodb/src/sdam/topology.ts:405:7)\n    at async topologyConnect (/home/okmic/www/main/messenger/node_modules/mongodb/src/mongo_client.ts:620:9)\n    at async MongoClient._connect (/home/okmic/www/main/messenger/node_modules/mongodb/src/mongo_client.ts:632:7)\n    at async MongoClient.connect (/home/okmic/www/main/messenger/node_modules/mongodb/src/mongo_client.ts:544:7)\n    at async autoConnect (/home/okmic/www/main/messenger/node_modules/mongodb/src/operations/execute_operation.ts:139:7)\n    at async abortable (/home/okmic/www/main/messenger/node_modules/mongodb/src/utils.ts:1492:12)\n    at async executeOperation (/home/okmic/www/main/messenger/node_modules/mongodb/src/operations/execute_operation.ts:69:9)\n    at async FindCursor._initialize (/home/okmic/www/main/messenger/node_modules/mongodb/src/cursor/find_cursor.ts:92:22)","timestamp":"2025-03-08T16:56:07.558Z"}
{"error":"Topology is closed","level":"error","message":"Failed to fetch messages from MongoDB","service":"msg-app","stack":"MongoTopologyClosedError: Topology is closed\n    at processWaitQueue (/home/okmic/www/main/messenger/node_modules/mongodb/src/sdam/topology.ts:942:40)\n    at Topology.selectServer (/home/okmic/www/main/messenger/node_modules/mongodb/src/sdam/topology.ts:615:5)\n    at tryOperation (/home/okmic/www/main/messenger/node_modules/mongodb/src/operations/execute_operation.ts:201:31)\n    at executeOperation (/home/okmic/www/main/messenger/node_modules/mongodb/src/operations/execute_operation.ts:115:18)\n    at FindCursor._initialize (/home/okmic/www/main/messenger/node_modules/mongodb/src/cursor/find_cursor.ts:92:44)\n    at FindCursor.cursorInit (/home/okmic/www/main/messenger/node_modules/mongodb/src/cursor/abstract_cursor.ts:944:32)\n    at FindCursor.fetchBatch (/home/okmic/www/main/messenger/node_modules/mongodb/src/cursor/abstract_cursor.ts:982:18)\n    at FindCursor.next (/home/okmic/www/main/messenger/node_modules/mongodb/src/cursor/abstract_cursor.ts:612:20)\n    at FindCursor.[Symbol.asyncIterator] (/home/okmic/www/main/messenger/node_modules/mongodb/src/cursor/abstract_cursor.ts:506:37)\n    at AsyncGenerator.next (<anonymous>)","timestamp":"2025-03-08T16:56:08.553Z"}
{"error":"Topology is closed","level":"error","message":"Failed to fetch messages from MongoDB","service":"msg-app","stack":"MongoTopologyClosedError: Topology is closed\n    at processWaitQueue (/home/okmic/www/main/messenger/node_modules/mongodb/src/sdam/topology.ts:942:40)\n    at Topology.selectServer (/home/okmic/www/main/messenger/node_modules/mongodb/src/sdam/topology.ts:615:5)\n    at tryOperation (/home/okmic/www/main/messenger/node_modules/mongodb/src/operations/execute_operation.ts:201:31)\n    at executeOperation (/home/okmic/www/main/messenger/node_modules/mongodb/src/operations/execute_operation.ts:115:18)\n    at FindCursor._initialize (/home/okmic/www/main/messenger/node_modules/mongodb/src/cursor/find_cursor.ts:92:44)\n    at FindCursor.cursorInit (/home/okmic/www/main/messenger/node_modules/mongodb/src/cursor/abstract_cursor.ts:944:32)\n    at FindCursor.fetchBatch (/home/okmic/www/main/messenger/node_modules/mongodb/src/cursor/abstract_cursor.ts:982:18)\n    at FindCursor.next (/home/okmic/www/main/messenger/node_modules/mongodb/src/cursor/abstract_cursor.ts:612:20)\n    at FindCursor.[Symbol.asyncIterator] (/home/okmic/www/main/messenger/node_modules/mongodb/src/cursor/abstract_cursor.ts:506:37)\n    at AsyncGenerator.next (<anonymous>)","timestamp":"2025-03-08T16:56:11.069Z"}
{"error":"Topology is closed","level":"error","message":"Failed to fetch messages from MongoDB","service":"msg-app","stack":"MongoTopologyClosedError: Topology is closed\n    at processWaitQueue (/home/okmic/www/main/messenger/node_modules/mongodb/src/sdam/topology.ts:942:40)\n    at Topology.selectServer (/home/okmic/www/main/messenger/node_modules/mongodb/src/sdam/topology.ts:615:5)\n    at tryOperation (/home/okmic/www/main/messenger/node_modules/mongodb/src/operations/execute_operation.ts:201:31)\n    at executeOperation (/home/okmic/www/main/messenger/node_modules/mongodb/src/operations/execute_operation.ts:115:18)\n    at FindCursor._initialize (/home/okmic/www/main/messenger/node_modules/mongodb/src/cursor/find_cursor.ts:92:44)\n    at FindCursor.cursorInit (/home/okmic/www/main/messenger/node_modules/mongodb/src/cursor/abstract_cursor.ts:944:32)\n    at FindCursor.fetchBatch (/home/okmic/www/main/messenger/node_modules/mongodb/src/cursor/abstract_cursor.ts:982:18)\n    at FindCursor.next (/home/okmic/www/main/messenger/node_modules/mongodb/src/cursor/abstract_cursor.ts:612:20)\n    at FindCursor.[Symbol.asyncIterator] (/home/okmic/www/main/messenger/node_modules/mongodb/src/cursor/abstract_cursor.ts:506:37)\n    at AsyncGenerator.next (<anonymous>)","timestamp":"2025-03-08T16:56:12.028Z"}
{"error":"Topology is closed","level":"error","message":"Failed to fetch messages from MongoDB","service":"msg-app","stack":"MongoTopologyClosedError: Topology is closed\n    at processWaitQueue (/home/okmic/www/main/messenger/node_modules/mongodb/src/sdam/topology.ts:942:40)\n    at Topology.selectServer (/home/okmic/www/main/messenger/node_modules/mongodb/src/sdam/topology.ts:615:5)\n    at tryOperation (/home/okmic/www/main/messenger/node_modules/mongodb/src/operations/execute_operation.ts:201:31)\n    at executeOperation (/home/okmic/www/main/messenger/node_modules/mongodb/src/operations/execute_operation.ts:115:18)\n    at FindCursor._initialize (/home/okmic/www/main/messenger/node_modules/mongodb/src/cursor/find_cursor.ts:92:44)\n    at FindCursor.cursorInit (/home/okmic/www/main/messenger/node_modules/mongodb/src/cursor/abstract_cursor.ts:944:32)\n    at FindCursor.fetchBatch (/home/okmic/www/main/messenger/node_modules/mongodb/src/cursor/abstract_cursor.ts:982:18)\n    at FindCursor.next (/home/okmic/www/main/messenger/node_modules/mongodb/src/cursor/abstract_cursor.ts:612:20)\n    at FindCursor.[Symbol.asyncIterator] (/home/okmic/www/main/messenger/node_modules/mongodb/src/cursor/abstract_cursor.ts:506:37)\n    at AsyncGenerator.next (<anonymous>)","timestamp":"2025-03-08T16:56:12.793Z"}
{"error":"Topology is closed","level":"error","message":"Failed to fetch messages from MongoDB","service":"msg-app","stack":"MongoTopologyClosedError: Topology is closed\n    at processWaitQueue (/home/okmic/www/main/messenger/node_modules/mongodb/src/sdam/topology.ts:942:40)\n    at Topology.selectServer (/home/okmic/www/main/messenger/node_modules/mongodb/src/sdam/topology.ts:615:5)\n    at tryOperation (/home/okmic/www/main/messenger/node_modules/mongodb/src/operations/execute_operation.ts:201:31)\n    at executeOperation (/home/okmic/www/main/messenger/node_modules/mongodb/src/operations/execute_operation.ts:115:18)\n    at FindCursor._initialize (/home/okmic/www/main/messenger/node_modules/mongodb/src/cursor/find_cursor.ts:92:44)\n    at FindCursor.cursorInit (/home/okmic/www/main/messenger/node_modules/mongodb/src/cursor/abstract_cursor.ts:944:32)\n    at FindCursor.fetchBatch (/home/okmic/www/main/messenger/node_modules/mongodb/src/cursor/abstract_cursor.ts:982:18)\n    at FindCursor.next (/home/okmic/www/main/messenger/node_modules/mongodb/src/cursor/abstract_cursor.ts:612:20)\n    at FindCursor.[Symbol.asyncIterator] (/home/okmic/www/main/messenger/node_modules/mongodb/src/cursor/abstract_cursor.ts:506:37)\n    at AsyncGenerator.next (<anonymous>)","timestamp":"2025-03-08T16:56:13.524Z"}
{"bundleSize":1,"level":"info","message":"Bundle saved to MongoDB","service":"msg-app","timestamp":"2025-03-08T17:38:09.379Z","totalBundlesSent":1,"totalMessagesProcessed":1}
{"bundleSize":1,"level":"info","message":"Bundle saved to MongoDB","service":"msg-app","timestamp":"2025-03-08T17:40:08.568Z","totalBundlesSent":1,"totalMessagesProcessed":1}
{"bundleSize":2,"level":"info","message":"Bundle saved to MongoDB","service":"msg-app","timestamp":"2025-03-08T17:40:09.686Z","totalBundlesSent":2,"totalMessagesProcessed":3}
{"bundleSize":2,"level":"info","message":"Bundle saved to MongoDB","service":"msg-app","timestamp":"2025-03-08T17:40:24.382Z","totalBundlesSent":3,"totalMessagesProcessed":5}
{"bundleSize":1,"level":"info","message":"Bundle saved to MongoDB","service":"msg-app","timestamp":"2025-03-08T17:40:26.750Z","totalBundlesSent":4,"totalMessagesProcessed":6}
{"level":"info","message":"Server shutdown initiated","service":"msg-app","signal":"SIGINT","timestamp":"2025-03-08T17:57:54.956Z"}
{"bundleSize":1,"level":"info","message":"Bundle saved to MongoDB","service":"msg-app","timestamp":"2025-03-08T18:01:37.498Z","totalBundlesSent":1,"totalMessagesProcessed":1}
{"bundleSize":1,"level":"info","message":"Bundle saved to MongoDB","service":"msg-app","timestamp":"2025-03-08T18:02:53.952Z","totalBundlesSent":1,"totalMessagesProcessed":1}
{"bundleSize":1,"level":"info","message":"Bundle saved to MongoDB","service":"msg-app","timestamp":"2025-03-08T18:14:34.810Z","totalBundlesSent":1,"totalMessagesProcessed":1}
{"bundleSize":1,"level":"info","message":"Bundle saved to MongoDB","service":"msg-app","timestamp":"2025-03-08T18:16:48.539Z","totalBundlesSent":1,"totalMessagesProcessed":1}
{"bundleSize":1,"level":"info","message":"Bundle saved to MongoDB","service":"msg-app","timestamp":"2025-03-08T18:25:11.610Z","totalBundlesSent":1,"totalMessagesProcessed":1}
{"bundleSize":1,"level":"info","message":"Bundle saved to MongoDB","service":"msg-app","timestamp":"2025-03-08T18:36:45.898Z","totalBundlesSent":1,"totalMessagesProcessed":1}
{"bundleSize":1,"level":"info","message":"Bundle saved to MongoDB","service":"msg-app","timestamp":"2025-03-08T18:38:43.861Z","totalBundlesSent":2,"totalMessagesProcessed":2}
{"bundleSize":1,"level":"info","message":"Bundle saved to MongoDB","service":"msg-app","timestamp":"2025-03-08T18:39:46.037Z","totalBundlesSent":1,"totalMessagesProcessed":1}
{"bundleSize":1,"level":"info","message":"Bundle saved to MongoDB","service":"msg-app","timestamp":"2025-03-08T18:39:59.257Z","totalBundlesSent":2,"totalMessagesProcessed":2}
{"bundleSize":1,"level":"info","message":"Bundle saved to MongoDB","service":"msg-app","timestamp":"2025-03-08T18:40:11.674Z","totalBundlesSent":3,"totalMessagesProcessed":3}
{"level":"info","message":"Server shutdown initiated","service":"msg-app","signal":"SIGTERM","timestamp":"2025-03-08T19:15:54.957Z"}
{"bundleSize":1,"level":"info","message":"Bundle saved to MongoDB","service":"msg-app","timestamp":"2025-03-09T06:19:29.009Z","totalBundlesSent":1,"totalMessagesProcessed":1}
{"bundleSize":1,"level":"info","message":"Bundle saved to MongoDB","service":"msg-app","timestamp":"2025-03-09T06:19:45.059Z","totalBundlesSent":2,"totalMessagesProcessed":2}
{"bundleSize":1,"level":"info","message":"Bundle saved to MongoDB","service":"msg-app","timestamp":"2025-03-09T06:19:53.969Z","totalBundlesSent":3,"totalMessagesProcessed":3}
{"bundleSize":1,"level":"info","message":"Bundle saved to MongoDB","service":"msg-app","timestamp":"2025-03-09T06:19:58.980Z","totalBundlesSent":4,"totalMessagesProcessed":4}
{"bundleSize":1,"level":"info","message":"Bundle saved to MongoDB","service":"msg-app","timestamp":"2025-03-09T06:27:16.300Z","totalBundlesSent":1,"totalMessagesProcessed":1}
{"bundleSize":1,"level":"info","message":"Bundle saved to MongoDB","service":"msg-app","timestamp":"2025-03-09T06:30:11.805Z","totalBundlesSent":1,"totalMessagesProcessed":1}
{"bundleSize":2,"level":"info","message":"Bundle saved to MongoDB","service":"msg-app","timestamp":"2025-03-09T06:30:19.453Z","totalBundlesSent":2,"totalMessagesProcessed":3}
{"bundleSize":1,"level":"info","message":"Bundle saved to MongoDB","service":"msg-app","timestamp":"2025-03-09T06:30:20.976Z","totalBundlesSent":3,"totalMessagesProcessed":4}
{"bundleSize":4,"level":"info","message":"Bundle saved to MongoDB","service":"msg-app","timestamp":"2025-03-09T06:30:23.982Z","totalBundlesSent":4,"totalMessagesProcessed":8}
{"bundleSize":3,"level":"info","message":"Bundle saved to MongoDB","service":"msg-app","timestamp":"2025-03-09T06:30:25.016Z","totalBundlesSent":5,"totalMessagesProcessed":11}
{"bundleSize":5,"level":"info","message":"Bundle saved to MongoDB","service":"msg-app","timestamp":"2025-03-09T06:30:28.479Z","totalBundlesSent":6,"totalMessagesProcessed":16}
{"bundleSize":2,"level":"info","message":"Bundle saved to MongoDB","service":"msg-app","timestamp":"2025-03-09T06:30:29.536Z","totalBundlesSent":7,"totalMessagesProcessed":18}
{"bundleSize":2,"level":"info","message":"Bundle saved to MongoDB","service":"msg-app","timestamp":"2025-03-09T06:30:30.616Z","totalBundlesSent":8,"totalMessagesProcessed":20}
{"bundleSize":2,"level":"info","message":"Bundle saved to MongoDB","service":"msg-app","timestamp":"2025-03-09T06:30:32.250Z","totalBundlesSent":9,"totalMessagesProcessed":22}
{"bundleSize":2,"level":"info","message":"Bundle saved to MongoDB","service":"msg-app","timestamp":"2025-03-09T06:30:34.146Z","totalBundlesSent":10,"totalMessagesProcessed":24}
{"bundleSize":3,"level":"info","message":"Bundle saved to MongoDB","service":"msg-app","timestamp":"2025-03-09T06:30:35.319Z","totalBundlesSent":11,"totalMessagesProcessed":27}
{"bundleSize":3,"level":"info","message":"Bundle saved to MongoDB","service":"msg-app","timestamp":"2025-03-09T06:30:36.398Z","totalBundlesSent":12,"totalMessagesProcessed":30}
{"bundleSize":1,"level":"info","message":"Bundle saved to MongoDB","service":"msg-app","timestamp":"2025-03-09T06:46:31.297Z","totalBundlesSent":1,"totalMessagesProcessed":1}
{"bundleSize":1,"level":"info","message":"Bundle saved to MongoDB","service":"msg-app","timestamp":"2025-03-09T06:46:41.387Z","totalBundlesSent":2,"totalMessagesProcessed":2}
{"bundleSize":1,"level":"info","message":"Bundle saved to MongoDB","service":"msg-app","timestamp":"2025-03-09T06:51:55.684Z","totalBundlesSent":3,"totalMessagesProcessed":3}
{"bundleSize":2,"level":"info","message":"Bundle saved to MongoDB","service":"msg-app","timestamp":"2025-03-09T06:51:56.766Z","totalBundlesSent":4,"totalMessagesProcessed":5}
{"bundleSize":1,"level":"info","message":"Bundle saved to MongoDB","service":"msg-app","timestamp":"2025-03-09T06:51:58.116Z","totalBundlesSent":5,"totalMessagesProcessed":6}
{"bundleSize":1,"level":"info","message":"Bundle saved to MongoDB","service":"msg-app","timestamp":"2025-03-09T06:52:00.225Z","totalBundlesSent":6,"totalMessagesProcessed":7}
{"bundleSize":1,"level":"info","message":"Bundle saved to MongoDB","service":"msg-app","timestamp":"2025-03-09T07:06:03.074Z","totalBundlesSent":1,"totalMessagesProcessed":1}
{"bundleSize":1,"level":"info","message":"Bundle saved to MongoDB","service":"msg-app","timestamp":"2025-03-09T07:06:13.255Z","totalBundlesSent":2,"totalMessagesProcessed":2}
{"bundleSize":1,"level":"info","message":"Bundle saved to MongoDB","service":"msg-app","timestamp":"2025-03-09T07:06:43.081Z","totalBundlesSent":3,"totalMessagesProcessed":3}
{"bundleSize":1,"level":"info","message":"Bundle saved to MongoDB","service":"msg-app","timestamp":"2025-03-09T07:30:57.347Z","totalBundlesSent":4,"totalMessagesProcessed":4}
{"bundleSize":1,"level":"info","message":"Bundle saved to MongoDB","service":"msg-app","timestamp":"2025-03-09T07:39:15.033Z","totalBundlesSent":1,"totalMessagesProcessed":1}
{"bundleSize":1,"level":"info","message":"Bundle saved to MongoDB","service":"msg-app","timestamp":"2025-03-09T07:39:21.197Z","totalBundlesSent":2,"totalMessagesProcessed":2}
{"bundleSize":1,"level":"info","message":"Bundle saved to MongoDB","service":"msg-app","timestamp":"2025-03-09T07:39:37.755Z","totalBundlesSent":3,"totalMessagesProcessed":3}
{"bundleSize":1,"level":"info","message":"Bundle saved to MongoDB","service":"msg-app","timestamp":"2025-03-09T07:56:23.664Z","totalBundlesSent":1,"totalMessagesProcessed":1}
{"bundleSize":1,"level":"info","message":"Bundle saved to MongoDB","service":"msg-app","timestamp":"2025-03-09T07:57:20.951Z","totalBundlesSent":2,"totalMessagesProcessed":2}
{"bundleSize":1,"level":"info","message":"Bundle saved to MongoDB","service":"msg-app","timestamp":"2025-03-09T08:06:30.164Z","totalBundlesSent":1,"totalMessagesProcessed":1}
{"bundleSize":1,"level":"info","message":"Bundle saved to MongoDB","service":"msg-app","timestamp":"2025-03-09T08:06:40.540Z","totalBundlesSent":2,"totalMessagesProcessed":2}
{"bundleSize":1,"level":"info","message":"Bundle saved to MongoDB","service":"msg-app","timestamp":"2025-03-09T08:07:48.077Z","totalBundlesSent":1,"totalMessagesProcessed":1}
{"bundleSize":1,"level":"info","message":"Bundle saved to MongoDB","service":"msg-app","timestamp":"2025-03-09T08:08:06.165Z","totalBundlesSent":2,"totalMessagesProcessed":2}
{"bundleSize":1,"level":"info","message":"Bundle saved to MongoDB","service":"msg-app","timestamp":"2025-03-09T08:22:29.435Z","totalBundlesSent":1,"totalMessagesProcessed":1}
{"bundleSize":1,"level":"info","message":"Bundle saved to MongoDB","service":"msg-app","timestamp":"2025-03-09T08:22:51.094Z","totalBundlesSent":2,"totalMessagesProcessed":2}
{"bundleSize":1,"level":"info","message":"Bundle saved to MongoDB","service":"msg-app","timestamp":"2025-03-09T08:23:05.421Z","totalBundlesSent":3,"totalMessagesProcessed":3}
{"bundleSize":1,"level":"info","message":"Bundle saved to MongoDB","service":"msg-app","timestamp":"2025-03-09T08:23:17.050Z","totalBundlesSent":4,"totalMessagesProcessed":4}
{"bundleSize":1,"level":"info","message":"Bundle saved to MongoDB","service":"msg-app","timestamp":"2025-03-09T08:25:16.743Z","totalBundlesSent":1,"totalMessagesProcessed":1}
{"bundleSize":1,"level":"info","message":"Bundle saved to MongoDB","service":"msg-app","timestamp":"2025-03-09T08:25:22.915Z","totalBundlesSent":2,"totalMessagesProcessed":2}
{"bundleSize":1,"level":"info","message":"Bundle saved to MongoDB","service":"msg-app","timestamp":"2025-03-09T08:25:26.151Z","totalBundlesSent":3,"totalMessagesProcessed":3}
{"bundleSize":1,"level":"info","message":"Bundle saved to MongoDB","service":"msg-app","timestamp":"2025-03-09T09:03:39.626Z","totalBundlesSent":1,"totalMessagesProcessed":1}
{"bundleSize":1,"level":"info","message":"Bundle saved to MongoDB","service":"msg-app","timestamp":"2025-03-09T09:03:50.704Z","totalBundlesSent":2,"totalMessagesProcessed":2}
{"bundleSize":1,"level":"info","message":"Bundle saved to MongoDB","service":"msg-app","timestamp":"2025-03-09T09:03:54.803Z","totalBundlesSent":3,"totalMessagesProcessed":3}
{"bundleSize":1,"level":"info","message":"Bundle saved to MongoDB","service":"msg-app","timestamp":"2025-03-09T09:04:03.679Z","totalBundlesSent":4,"totalMessagesProcessed":4}
{"bundleSize":1,"level":"info","message":"Bundle saved to MongoDB","service":"msg-app","timestamp":"2025-03-09T09:08:21.301Z","totalBundlesSent":1,"totalMessagesProcessed":1}
{"bundleSize":1,"level":"info","message":"Bundle saved to MongoDB","service":"msg-app","timestamp":"2025-03-09T09:12:23.778Z","totalBundlesSent":1,"totalMessagesProcessed":1}
{"bundleSize":1,"level":"info","message":"Bundle saved to MongoDB","service":"msg-app","timestamp":"2025-03-09T09:13:01.410Z","totalBundlesSent":2,"totalMessagesProcessed":2}
{"bundleSize":1,"level":"info","message":"Bundle saved to MongoDB","service":"msg-app","timestamp":"2025-03-09T09:13:39.105Z","totalBundlesSent":3,"totalMessagesProcessed":3}
{"bundleSize":1,"level":"info","message":"Bundle saved to MongoDB","service":"msg-app","timestamp":"2025-03-09T09:17:01.708Z","totalBundlesSent":1,"totalMessagesProcessed":1}
{"bundleSize":1,"level":"info","message":"Bundle saved to MongoDB","service":"msg-app","timestamp":"2025-03-09T09:17:06.172Z","totalBundlesSent":2,"totalMessagesProcessed":2}
{"bundleSize":1,"level":"info","message":"Bundle saved to MongoDB","service":"msg-app","timestamp":"2025-03-09T09:17:10.054Z","totalBundlesSent":3,"totalMessagesProcessed":3}
{"bundleSize":1,"level":"info","message":"Bundle saved to MongoDB","service":"msg-app","timestamp":"2025-03-09T09:27:35.669Z","totalBundlesSent":1,"totalMessagesProcessed":1}
{"bundleSize":1,"level":"info","message":"Bundle saved to MongoDB","service":"msg-app","timestamp":"2025-03-09T09:27:50.750Z","totalBundlesSent":2,"totalMessagesProcessed":2}
{"bundleSize":1,"level":"info","message":"Bundle saved to MongoDB","service":"msg-app","timestamp":"2025-03-09T09:27:52.758Z","totalBundlesSent":3,"totalMessagesProcessed":3}
{"bundleSize":1,"level":"info","message":"Bundle saved to MongoDB","service":"msg-app","timestamp":"2025-03-09T09:41:50.418Z","totalBundlesSent":1,"totalMessagesProcessed":1}
{"bundleSize":1,"level":"info","message":"Bundle saved to MongoDB","service":"msg-app","timestamp":"2025-03-09T09:41:54.733Z","totalBundlesSent":2,"totalMessagesProcessed":2}
{"bundleSize":1,"level":"info","message":"Bundle saved to MongoDB","service":"msg-app","timestamp":"2025-03-09T09:53:01.119Z","totalBundlesSent":1,"totalMessagesProcessed":1}
{"bundleSize":1,"level":"info","message":"Bundle saved to MongoDB","service":"msg-app","timestamp":"2025-03-09T09:59:32.188Z","totalBundlesSent":1,"totalMessagesProcessed":1}
{"bundleSize":1,"level":"info","message":"Bundle saved to MongoDB","service":"msg-app","timestamp":"2025-03-09T09:59:39.655Z","totalBundlesSent":2,"totalMessagesProcessed":2}
{"bundleSize":1,"level":"info","message":"Bundle saved to MongoDB","service":"msg-app","timestamp":"2025-03-09T10:02:24.741Z","totalBundlesSent":1,"totalMessagesProcessed":1}
{"bundleSize":1,"level":"info","message":"Bundle saved to MongoDB","service":"msg-app","timestamp":"2025-03-09T10:02:29.572Z","totalBundlesSent":2,"totalMessagesProcessed":2}
{"bundleSize":1,"level":"info","message":"Bundle saved to MongoDB","service":"msg-app","timestamp":"2025-03-09T10:02:34.658Z","totalBundlesSent":3,"totalMessagesProcessed":3}
{"bundleSize":1,"level":"info","message":"Bundle saved to MongoDB","service":"msg-app","timestamp":"2025-03-09T10:02:38.466Z","totalBundlesSent":4,"totalMessagesProcessed":4}
{"bundleSize":1,"level":"info","message":"Bundle saved to MongoDB","service":"msg-app","timestamp":"2025-03-09T10:10:20.371Z","totalBundlesSent":5,"totalMessagesProcessed":5}
{"bundleSize":1,"level":"info","message":"Bundle saved to MongoDB","service":"msg-app","timestamp":"2025-03-09T10:10:29.867Z","totalBundlesSent":6,"totalMessagesProcessed":6}
{"bundleSize":1,"level":"info","message":"Bundle saved to MongoDB","service":"msg-app","timestamp":"2025-03-09T10:10:34.191Z","totalBundlesSent":7,"totalMessagesProcessed":7}
{"bundleSize":1,"level":"info","message":"Bundle saved to MongoDB","service":"msg-app","timestamp":"2025-03-09T10:10:45.045Z","totalBundlesSent":8,"totalMessagesProcessed":8}
{"bundleSize":1,"level":"info","message":"Bundle saved to MongoDB","service":"msg-app","timestamp":"2025-03-09T10:11:27.020Z","totalBundlesSent":9,"totalMessagesProcessed":9}
{"bundleSize":1,"level":"info","message":"Bundle saved to MongoDB","service":"msg-app","timestamp":"2025-03-09T10:11:31.543Z","totalBundlesSent":10,"totalMessagesProcessed":10}
{"bundleSize":1,"level":"info","message":"Bundle saved to MongoDB","service":"msg-app","timestamp":"2025-03-09T10:12:05.237Z","totalBundlesSent":11,"totalMessagesProcessed":11}
{"bundleSize":1,"level":"info","message":"Bundle saved to MongoDB","service":"msg-app","timestamp":"2025-03-09T10:17:53.826Z","totalBundlesSent":1,"totalMessagesProcessed":1}
{"bundleSize":1,"level":"info","message":"Bundle saved to MongoDB","service":"msg-app","timestamp":"2025-03-09T10:18:01.434Z","totalBundlesSent":2,"totalMessagesProcessed":2}
{"bundleSize":1,"level":"info","message":"Bundle saved to MongoDB","service":"msg-app","timestamp":"2025-03-09T10:33:51.017Z","totalBundlesSent":1,"totalMessagesProcessed":1}
{"bundleSize":1,"level":"info","message":"Bundle saved to MongoDB","service":"msg-app","timestamp":"2025-03-09T10:37:10.227Z","totalBundlesSent":1,"totalMessagesProcessed":1}
{"bundleSize":1,"level":"info","message":"Bundle saved to MongoDB","service":"msg-app","timestamp":"2025-03-09T10:37:29.112Z","totalBundlesSent":2,"totalMessagesProcessed":2}
{"bundleSize":1,"level":"info","message":"Bundle saved to MongoDB","service":"msg-app","timestamp":"2025-03-09T10:39:49.998Z","totalBundlesSent":1,"totalMessagesProcessed":1}
{"bundleSize":1,"level":"info","message":"Bundle saved to MongoDB","service":"msg-app","timestamp":"2025-03-09T10:41:01.251Z","totalBundlesSent":1,"totalMessagesProcessed":1}
{"bundleSize":1,"level":"info","message":"Bundle saved to MongoDB","service":"msg-app","timestamp":"2025-03-09T10:42:45.501Z","totalBundlesSent":1,"totalMessagesProcessed":1}
{"bundleSize":1,"level":"info","message":"Bundle saved to MongoDB","service":"msg-app","timestamp":"2025-03-09T10:42:51.323Z","totalBundlesSent":2,"totalMessagesProcessed":2}
{"bundleSize":1,"level":"info","message":"Bundle saved to MongoDB","service":"msg-app","timestamp":"2025-03-09T10:43:45.068Z","totalBundlesSent":1,"totalMessagesProcessed":1}
{"bundleSize":1,"level":"info","message":"Bundle saved to MongoDB","service":"msg-app","timestamp":"2025-03-09T10:53:01.100Z","totalBundlesSent":1,"totalMessagesProcessed":1}
{"bundleSize":1,"level":"info","message":"Bundle saved to MongoDB","service":"msg-app","timestamp":"2025-03-09T10:53:55.043Z","totalBundlesSent":1,"totalMessagesProcessed":1}
{"bundleSize":1,"level":"info","message":"Bundle saved to MongoDB","service":"msg-app","timestamp":"2025-03-09T10:53:59.739Z","totalBundlesSent":2,"totalMessagesProcessed":2}
{"bundleSize":1,"level":"info","message":"Bundle saved to MongoDB","service":"msg-app","timestamp":"2025-03-09T10:54:11.605Z","totalBundlesSent":3,"totalMessagesProcessed":3}
{"bundleSize":1,"level":"info","message":"Bundle saved to MongoDB","service":"msg-app","timestamp":"2025-03-09T10:56:22.719Z","totalBundlesSent":1,"totalMessagesProcessed":1}
{"bundleSize":1,"level":"info","message":"Bundle saved to MongoDB","service":"msg-app","timestamp":"2025-03-09T10:58:58.821Z","totalBundlesSent":1,"totalMessagesProcessed":1}
{"bundleSize":1,"level":"info","message":"Bundle saved to MongoDB","service":"msg-app","timestamp":"2025-03-09T10:59:18.314Z","totalBundlesSent":2,"totalMessagesProcessed":2}
{"bundleSize":1,"level":"info","message":"Bundle saved to MongoDB","service":"msg-app","timestamp":"2025-03-09T11:00:12.653Z","totalBundlesSent":1,"totalMessagesProcessed":1}
{"bundleSize":1,"level":"info","message":"Bundle saved to MongoDB","service":"msg-app","timestamp":"2025-03-09T11:03:27.500Z","totalBundlesSent":1,"totalMessagesProcessed":1}
{"bundleSize":1,"level":"info","message":"Bundle saved to MongoDB","service":"msg-app","timestamp":"2025-03-09T11:04:12.319Z","totalBundlesSent":1,"totalMessagesProcessed":1}
{"bundleSize":1,"level":"info","message":"Bundle saved to MongoDB","service":"msg-app","timestamp":"2025-03-09T11:04:19.882Z","totalBundlesSent":2,"totalMessagesProcessed":2}
{"bundleSize":1,"level":"info","message":"Bundle saved to MongoDB","service":"msg-app","timestamp":"2025-03-09T15:02:57.652Z","totalBundlesSent":1,"totalMessagesProcessed":1}
{"bundleSize":1,"level":"info","message":"Bundle saved to MongoDB","service":"msg-app","timestamp":"2025-03-09T15:08:33.883Z","totalBundlesSent":2,"totalMessagesProcessed":2}
{"bundleSize":1,"level":"info","message":"Bundle saved to MongoDB","service":"msg-app","timestamp":"2025-03-09T15:08:35.394Z","totalBundlesSent":3,"totalMessagesProcessed":3}
{"bundleSize":1,"level":"info","message":"Bundle saved to MongoDB","service":"msg-app","timestamp":"2025-03-09T15:08:37.338Z","totalBundlesSent":4,"totalMessagesProcessed":4}
{"bundleSize":2,"level":"info","message":"Bundle saved to MongoDB","service":"msg-app","timestamp":"2025-03-09T15:08:38.571Z","totalBundlesSent":5,"totalMessagesProcessed":6}
{"bundleSize":3,"level":"info","message":"Bundle saved to MongoDB","service":"msg-app","timestamp":"2025-03-09T15:08:39.698Z","totalBundlesSent":6,"totalMessagesProcessed":9}
{"bundleSize":5,"level":"info","message":"Bundle saved to MongoDB","service":"msg-app","timestamp":"2025-03-09T15:08:40.833Z","totalBundlesSent":7,"totalMessagesProcessed":14}
{"bundleSize":6,"level":"info","message":"Bundle saved to MongoDB","service":"msg-app","timestamp":"2025-03-09T15:08:41.914Z","totalBundlesSent":8,"totalMessagesProcessed":20}
{"bundleSize":6,"level":"info","message":"Bundle saved to MongoDB","service":"msg-app","timestamp":"2025-03-09T15:08:43.073Z","totalBundlesSent":9,"totalMessagesProcessed":26}
{"bundleSize":6,"level":"info","message":"Bundle saved to MongoDB","service":"msg-app","timestamp":"2025-03-09T15:08:44.405Z","totalBundlesSent":10,"totalMessagesProcessed":32}
{"bundleSize":6,"level":"info","message":"Bundle saved to MongoDB","service":"msg-app","timestamp":"2025-03-09T15:08:45.487Z","totalBundlesSent":11,"totalMessagesProcessed":38}
{"bundleSize":4,"level":"info","message":"Bundle saved to MongoDB","service":"msg-app","timestamp":"2025-03-09T15:08:46.558Z","totalBundlesSent":12,"totalMessagesProcessed":42}
{"bundleSize":5,"level":"info","message":"Bundle saved to MongoDB","service":"msg-app","timestamp":"2025-03-09T15:08:47.990Z","totalBundlesSent":13,"totalMessagesProcessed":47}
{"bundleSize":5,"level":"info","message":"Bundle saved to MongoDB","service":"msg-app","timestamp":"2025-03-09T15:08:49.140Z","totalBundlesSent":14,"totalMessagesProcessed":52}
{"bundleSize":4,"level":"info","message":"Bundle saved to MongoDB","service":"msg-app","timestamp":"2025-03-09T15:08:50.357Z","totalBundlesSent":15,"totalMessagesProcessed":56}
{"bundleSize":7,"level":"info","message":"Bundle saved to MongoDB","service":"msg-app","timestamp":"2025-03-09T15:08:56.805Z","totalBundlesSent":16,"totalMessagesProcessed":63}
{"bundleSize":7,"level":"info","message":"Bundle saved to MongoDB","service":"msg-app","timestamp":"2025-03-09T15:08:57.913Z","totalBundlesSent":17,"totalMessagesProcessed":70}
{"bundleSize":7,"level":"info","message":"Bundle saved to MongoDB","service":"msg-app","timestamp":"2025-03-09T15:08:58.997Z","totalBundlesSent":18,"totalMessagesProcessed":77}
{"bundleSize":9,"level":"info","message":"Bundle saved to MongoDB","service":"msg-app","timestamp":"2025-03-09T15:09:00.694Z","totalBundlesSent":19,"totalMessagesProcessed":86}
{"bundleSize":6,"level":"info","message":"Bundle saved to MongoDB","service":"msg-app","timestamp":"2025-03-09T15:09:01.717Z","totalBundlesSent":20,"totalMessagesProcessed":92}
{"bundleSize":5,"level":"info","message":"Bundle saved to MongoDB","service":"msg-app","timestamp":"2025-03-09T15:09:02.850Z","totalBundlesSent":21,"totalMessagesProcessed":97}
{"bundleSize":6,"level":"info","message":"Bundle saved to MongoDB","service":"msg-app","timestamp":"2025-03-09T15:09:03.991Z","totalBundlesSent":22,"totalMessagesProcessed":103}
{"bundleSize":6,"level":"info","message":"Bundle saved to MongoDB","service":"msg-app","timestamp":"2025-03-09T15:09:05.014Z","totalBundlesSent":23,"totalMessagesProcessed":109}
{"bundleSize":6,"level":"info","message":"Bundle saved to MongoDB","service":"msg-app","timestamp":"2025-03-09T15:09:06.133Z","totalBundlesSent":24,"totalMessagesProcessed":115}
{"bundleSize":6,"level":"info","message":"Bundle saved to MongoDB","service":"msg-app","timestamp":"2025-03-09T15:09:07.243Z","totalBundlesSent":25,"totalMessagesProcessed":121}
{"bundleSize":5,"level":"info","message":"Bundle saved to MongoDB","service":"msg-app","timestamp":"2025-03-09T15:09:08.410Z","totalBundlesSent":26,"totalMessagesProcessed":126}
{"bundleSize":6,"level":"info","message":"Bundle saved to MongoDB","service":"msg-app","timestamp":"2025-03-09T15:09:09.451Z","totalBundlesSent":27,"totalMessagesProcessed":132}
{"bundleSize":6,"level":"info","message":"Bundle saved to MongoDB","service":"msg-app","timestamp":"2025-03-09T15:09:10.582Z","totalBundlesSent":28,"totalMessagesProcessed":138}
{"bundleSize":6,"level":"info","message":"Bundle saved to MongoDB","service":"msg-app","timestamp":"2025-03-09T15:09:11.689Z","totalBundlesSent":29,"totalMessagesProcessed":144}
{"bundleSize":7,"level":"info","message":"Bundle saved to MongoDB","service":"msg-app","timestamp":"2025-03-09T15:09:12.852Z","totalBundlesSent":30,"totalMessagesProcessed":151}
{"bundleSize":5,"level":"info","message":"Bundle saved to MongoDB","service":"msg-app","timestamp":"2025-03-09T15:09:13.991Z","totalBundlesSent":31,"totalMessagesProcessed":156}
{"bundleSize":6,"level":"info","message":"Bundle saved to MongoDB","service":"msg-app","timestamp":"2025-03-09T15:09:15.147Z","totalBundlesSent":32,"totalMessagesProcessed":162}
{"bundleSize":6,"level":"info","message":"Bundle saved to MongoDB","service":"msg-app","timestamp":"2025-03-09T15:09:16.287Z","totalBundlesSent":33,"totalMessagesProcessed":168}
{"bundleSize":6,"level":"info","message":"Bundle saved to MongoDB","service":"msg-app","timestamp":"2025-03-09T15:09:17.428Z","totalBundlesSent":34,"totalMessagesProcessed":174}
{"bundleSize":7,"level":"info","message":"Bundle saved to MongoDB","service":"msg-app","timestamp":"2025-03-09T15:09:18.637Z","totalBundlesSent":35,"totalMessagesProcessed":181}
{"bundleSize":6,"level":"info","message":"Bundle saved to MongoDB","service":"msg-app","timestamp":"2025-03-09T15:09:19.907Z","totalBundlesSent":36,"totalMessagesProcessed":187}
{"bundleSize":5,"level":"info","message":"Bundle saved to MongoDB","service":"msg-app","timestamp":"2025-03-09T15:09:21.089Z","totalBundlesSent":37,"totalMessagesProcessed":192}
{"bundleSize":4,"level":"info","message":"Bundle saved to MongoDB","service":"msg-app","timestamp":"2025-03-09T15:09:23.180Z","totalBundlesSent":38,"totalMessagesProcessed":196}
{"bundleSize":5,"level":"info","message":"Bundle saved to MongoDB","service":"msg-app","timestamp":"2025-03-09T15:09:24.229Z","totalBundlesSent":39,"totalMessagesProcessed":201}
{"bundleSize":3,"level":"info","message":"Bundle saved to MongoDB","service":"msg-app","timestamp":"2025-03-09T15:09:25.364Z","totalBundlesSent":40,"totalMessagesProcessed":204}
{"bundleSize":3,"level":"info","message":"Bundle saved to MongoDB","service":"msg-app","timestamp":"2025-03-09T15:09:26.460Z","totalBundlesSent":41,"totalMessagesProcessed":207}
{"bundleSize":2,"level":"info","message":"Bundle saved to MongoDB","service":"msg-app","timestamp":"2025-03-09T15:39:13.766Z","totalBundlesSent":1,"totalMessagesProcessed":2}
{"bundleSize":5,"level":"info","message":"Bundle saved to MongoDB","service":"msg-app","timestamp":"2025-03-09T15:39:15.135Z","totalBundlesSent":2,"totalMessagesProcessed":7}
{"bundleSize":1,"level":"info","message":"Bundle saved to MongoDB","service":"msg-app","timestamp":"2025-03-09T15:39:16.286Z","totalBundlesSent":3,"totalMessagesProcessed":8}
{"bundleSize":2,"level":"info","message":"Bundle saved to MongoDB","service":"msg-app","timestamp":"2025-03-09T15:39:32.396Z","totalBundlesSent":1,"totalMessagesProcessed":2}
{"bundleSize":2,"level":"info","message":"Bundle saved to MongoDB","service":"msg-app","timestamp":"2025-03-09T15:39:33.604Z","totalBundlesSent":2,"totalMessagesProcessed":4}
{"bundleSize":3,"level":"info","message":"Bundle saved to MongoDB","service":"msg-app","timestamp":"2025-03-09T15:39:35.028Z","totalBundlesSent":3,"totalMessagesProcessed":7}
{"bundleSize":3,"level":"info","message":"Bundle saved to MongoDB","service":"msg-app","timestamp":"2025-03-09T15:39:37.079Z","totalBundlesSent":4,"totalMessagesProcessed":10}
{"bundleSize":1,"level":"info","message":"Bundle saved to MongoDB","service":"msg-app","timestamp":"2025-03-09T15:39:42.238Z","totalBundlesSent":5,"totalMessagesProcessed":11}
{"bundleSize":1,"level":"info","message":"Bundle saved to MongoDB","service":"msg-app","timestamp":"2025-03-09T15:39:50.654Z","totalBundlesSent":6,"totalMessagesProcessed":12}
{"bundleSize":1,"level":"info","message":"Bundle saved to MongoDB","service":"msg-app","timestamp":"2025-03-09T15:40:11.151Z","totalBundlesSent":7,"totalMessagesProcessed":13}
{"bundleSize":2,"level":"info","message":"Bundle saved to MongoDB","service":"msg-app","timestamp":"2025-03-09T15:40:12.292Z","totalBundlesSent":8,"totalMessagesProcessed":15}
{"bundleSize":5,"level":"info","message":"Bundle saved to MongoDB","service":"msg-app","timestamp":"2025-03-09T15:40:13.957Z","totalBundlesSent":9,"totalMessagesProcessed":20}
{"bundleSize":2,"level":"info","message":"Bundle saved to MongoDB","service":"msg-app","timestamp":"2025-03-09T15:40:15.750Z","totalBundlesSent":10,"totalMessagesProcessed":22}
{"bundleSize":2,"level":"info","message":"Bundle saved to MongoDB","service":"msg-app","timestamp":"2025-03-09T15:40:17.097Z","totalBundlesSent":11,"totalMessagesProcessed":24}
{"bundleSize":2,"level":"info","message":"Bundle saved to MongoDB","service":"msg-app","timestamp":"2025-03-09T15:40:18.357Z","totalBundlesSent":12,"totalMessagesProcessed":26}
{"bundleSize":3,"level":"info","message":"Bundle saved to MongoDB","service":"msg-app","timestamp":"2025-03-09T15:53:55.586Z","totalBundlesSent":1,"totalMessagesProcessed":3}
{"bundleSize":6,"level":"info","message":"Bundle saved to MongoDB","service":"msg-app","timestamp":"2025-03-09T15:53:57.701Z","totalBundlesSent":2,"totalMessagesProcessed":9}
{"bundleSize":3,"level":"info","message":"Bundle saved to MongoDB","service":"msg-app","timestamp":"2025-03-09T15:53:59.914Z","totalBundlesSent":3,"totalMessagesProcessed":12}
{"bundleSize":10,"level":"info","message":"Bundle saved to MongoDB","service":"msg-app","timestamp":"2025-03-09T15:54:02.118Z","totalBundlesSent":4,"totalMessagesProcessed":22}
{"bundleSize":7,"level":"info","message":"Bundle saved to MongoDB","service":"msg-app","timestamp":"2025-03-09T15:54:04.222Z","totalBundlesSent":5,"totalMessagesProcessed":29}
{"bundleSize":1,"level":"info","message":"Bundle saved to MongoDB","service":"msg-app","timestamp":"2025-03-09T15:55:02.604Z","totalBundlesSent":6,"totalMessagesProcessed":30}
{"bundleSize":2,"level":"info","message":"Bundle saved to MongoDB","service":"msg-app","timestamp":"2025-03-09T16:27:15.655Z","totalBundlesSent":7,"totalMessagesProcessed":32}
{"bundleSize":1,"level":"info","message":"Bundle saved to MongoDB","service":"msg-app","timestamp":"2025-03-09T16:35:51.786Z","totalBundlesSent":1,"totalMessagesProcessed":1}
{"bundleSize":1,"level":"info","message":"Bundle saved to MongoDB","service":"msg-app","timestamp":"2025-03-09T16:36:09.042Z","totalBundlesSent":2,"totalMessagesProcessed":2}
{"bundleSize":1,"level":"info","message":"Bundle saved to MongoDB","service":"msg-app","timestamp":"2025-03-09T16:38:33.737Z","totalBundlesSent":1,"totalMessagesProcessed":1}
{"level":"info","message":"Server shutdown initiated","service":"msg-app","signal":"SIGINT","timestamp":"2025-03-09T16:38:45.485Z"}
{"bundleSize":4,"level":"info","message":"Bundle saved to MongoDB","service":"msg-app","timestamp":"2025-03-09T16:41:13.381Z","totalBundlesSent":1,"totalMessagesProcessed":4}
{"bundleSize":5,"level":"info","message":"Bundle saved to MongoDB","service":"msg-app","timestamp":"2025-03-09T16:41:14.786Z","totalBundlesSent":2,"totalMessagesProcessed":9}
{"bundleSize":4,"level":"info","message":"Bundle saved to MongoDB","service":"msg-app","timestamp":"2025-03-09T16:41:16.227Z","totalBundlesSent":3,"totalMessagesProcessed":13}
{"bundleSize":6,"level":"info","message":"Bundle saved to MongoDB","service":"msg-app","timestamp":"2025-03-09T16:41:17.425Z","totalBundlesSent":4,"totalMessagesProcessed":19}
{"bundleSize":5,"level":"info","message":"Bundle saved to MongoDB","service":"msg-app","timestamp":"2025-03-09T16:41:18.485Z","totalBundlesSent":5,"totalMessagesProcessed":24}
{"bundleSize":5,"level":"info","message":"Bundle saved to MongoDB","service":"msg-app","timestamp":"2025-03-09T16:41:19.592Z","totalBundlesSent":6,"totalMessagesProcessed":29}
{"bundleSize":1,"level":"info","message":"Bundle saved to MongoDB","service":"msg-app","timestamp":"2025-03-09T16:41:26.302Z","totalBundlesSent":1,"totalMessagesProcessed":1}
{"bundleSize":2,"level":"info","message":"Bundle saved to MongoDB","service":"msg-app","timestamp":"2025-03-09T16:41:32.769Z","totalBundlesSent":2,"totalMessagesProcessed":3}
{"bundleSize":1,"level":"info","message":"Bundle saved to MongoDB","service":"msg-app","timestamp":"2025-03-09T16:41:34.318Z","totalBundlesSent":3,"totalMessagesProcessed":4}
{"bundleSize":1,"level":"info","message":"Bundle saved to MongoDB","service":"msg-app","timestamp":"2025-03-09T16:41:35.645Z","totalBundlesSent":4,"totalMessagesProcessed":5}
{"bundleSize":6,"level":"info","message":"Bundle saved to MongoDB","service":"msg-app","timestamp":"2025-03-09T16:41:42.642Z","totalBundlesSent":7,"totalMessagesProcessed":35}
{"bundleSize":8,"level":"info","message":"Bundle saved to MongoDB","service":"msg-app","timestamp":"2025-03-09T16:41:43.689Z","totalBundlesSent":8,"totalMessagesProcessed":43}
{"bundleSize":7,"level":"info","message":"Bundle saved to MongoDB","service":"msg-app","timestamp":"2025-03-09T16:41:44.966Z","totalBundlesSent":9,"totalMessagesProcessed":50}
{"bundleSize":8,"level":"info","message":"Bundle saved to MongoDB","service":"msg-app","timestamp":"2025-03-09T16:41:46.119Z","totalBundlesSent":10,"totalMessagesProcessed":58}
{"bundleSize":6,"level":"info","message":"Bundle saved to MongoDB","service":"msg-app","timestamp":"2025-03-09T16:41:47.292Z","totalBundlesSent":11,"totalMessagesProcessed":64}
{"bundleSize":6,"level":"info","message":"Bundle saved to MongoDB","service":"msg-app","timestamp":"2025-03-09T16:41:48.384Z","totalBundlesSent":12,"totalMessagesProcessed":70}
{"bundleSize":3,"level":"info","message":"Bundle saved to MongoDB","service":"msg-app","timestamp":"2025-03-09T16:41:49.601Z","totalBundlesSent":13,"totalMessagesProcessed":73}
{"bundleSize":6,"level":"info","message":"Bundle saved to MongoDB","service":"msg-app","timestamp":"2025-03-09T16:42:06.185Z","totalBundlesSent":14,"totalMessagesProcessed":79}
{"bundleSize":2,"level":"info","message":"Bundle saved to MongoDB","service":"msg-app","timestamp":"2025-03-09T16:42:07.429Z","totalBundlesSent":15,"totalMessagesProcessed":81}
{"bundleSize":2,"level":"info","message":"Bundle saved to MongoDB","service":"msg-app","timestamp":"2025-03-09T16:42:12.478Z","totalBundlesSent":16,"totalMessagesProcessed":83}
{"bundleSize":2,"level":"info","message":"Bundle saved to MongoDB","service":"msg-app","timestamp":"2025-03-09T16:42:14.093Z","totalBundlesSent":17,"totalMessagesProcessed":85}
{"bundleSize":3,"level":"info","message":"Bundle saved to MongoDB","service":"msg-app","timestamp":"2025-03-09T16:42:15.342Z","totalBundlesSent":18,"totalMessagesProcessed":88}
{"bundleSize":5,"level":"info","message":"Bundle saved to MongoDB","service":"msg-app","timestamp":"2025-03-09T16:42:16.575Z","totalBundlesSent":19,"totalMessagesProcessed":93}
